Flow report for lab2_3
Sun May 26 14:51:39 2019
Quartus Prime Version 16.1.0 Build 196 10/24/2016 SJ Lite Edition


---------------------
; Table of Contents ;
---------------------
  1. Legal Notice
  2. Flow Summary
  3. Flow Settings
  4. Flow Non-Default Global Settings
  5. Flow Elapsed Time
  6. Flow OS Summary
  7. Flow Log
  8. Flow Messages
  9. Flow Suppressed Messages



----------------
; Legal Notice ;
----------------
Copyright (C) 2016  Intel Corporation. All rights reserved.
Your use of Intel Corporation's design tools, logic functions 
and other software and tools, and its AMPP partner logic 
functions, and any output files from any of the foregoing 
(including device programming or simulation files), and any 
associated documentation or information are expressly subject 
to the terms and conditions of the Intel Program License 
Subscription Agreement, the Intel Quartus Prime License Agreement,
the Intel MegaCore Function License Agreement, or other 
applicable license agreement, including, without limitation, 
that your use is for the sole purpose of programming logic 
devices manufactured by Intel and sold by Intel or its 
authorized distributors.  Please refer to the applicable 
agreement for further details.



+----------------------------------------------------------------------------------------+
; Flow Summary                                                                           ;
+---------------------------------+------------------------------------------------------+
; Flow Status                     ; EDA Netlist Writer Failed - Sun May 26 14:51:39 2019 ;
; Quartus Prime Version           ; 16.1.0 Build 196 10/24/2016 SJ Lite Edition          ;
; Revision Name                   ; lab2_3                                               ;
; Top-level Entity Name           ; lab2_3                                               ;
; Family                          ; Cyclone V                                            ;
; Device                          ; 5CSEMA5F31C6                                         ;
; Timing Models                   ; Final                                                ;
; Logic utilization (in ALMs)     ; 34 / 32,070 ( < 1 % )                                ;
; Total registers                 ; 0                                                    ;
; Total pins                      ; 16 / 457 ( 4 % )                                     ;
; Total virtual pins              ; 0                                                    ;
; Total block memory bits         ; 0 / 4,065,280 ( 0 % )                                ;
; Total DSP Blocks                ; 0 / 87 ( 0 % )                                       ;
; Total HSSI RX PCSs              ; 0                                                    ;
; Total HSSI PMA RX Deserializers ; 0                                                    ;
; Total HSSI TX PCSs              ; 0                                                    ;
; Total HSSI PMA TX Serializers   ; 0                                                    ;
; Total PLLs                      ; 0 / 6 ( 0 % )                                        ;
; Total DLLs                      ; 0 / 4 ( 0 % )                                        ;
+---------------------------------+------------------------------------------------------+


+-----------------------------------------+
; Flow Settings                           ;
+-------------------+---------------------+
; Option            ; Setting             ;
+-------------------+---------------------+
; Start date & time ; 05/26/2019 06:39:19 ;
; Main task         ; Compilation         ;
; Revision Name     ; lab2_3              ;
+-------------------+---------------------+


+-------------------------------------------------------------------------------------------------------------------------+
; Flow Non-Default Global Settings                                                                                        ;
+-------------------------------------+----------------------------------------+---------------+-------------+------------+
; Assignment Name                     ; Value                                  ; Default Value ; Entity Name ; Section Id ;
+-------------------------------------+----------------------------------------+---------------+-------------+------------+
; COMPILER_SIGNATURE_ID               ; 1097592577469.155884195915504          ; --            ; --          ; --         ;
; MAX_CORE_JUNCTION_TEMP              ; 85                                     ; --            ; --          ; --         ;
; MIN_CORE_JUNCTION_TEMP              ; 0                                      ; --            ; --          ; --         ;
; PARTITION_COLOR                     ; -- (Not supported for targeted family) ; --            ; --          ; Top        ;
; PARTITION_FITTER_PRESERVATION_LEVEL ; -- (Not supported for targeted family) ; --            ; --          ; Top        ;
; PARTITION_NETLIST_TYPE              ; -- (Not supported for targeted family) ; --            ; --          ; Top        ;
; PROJECT_OUTPUT_DIRECTORY            ; output_files                           ; --            ; --          ; --         ;
+-------------------------------------+----------------------------------------+---------------+-------------+------------+


+-------------------------------------------------------------------------------------------------------------------------------+
; Flow Elapsed Time                                                                                                             ;
+---------------------------+--------------+-------------------------+---------------------+------------------------------------+
; Module Name               ; Elapsed Time ; Average Processors Used ; Peak Virtual Memory ; Total CPU Time (on all processors) ;
+---------------------------+--------------+-------------------------+---------------------+------------------------------------+
; Analysis & Synthesis      ; 00:00:20     ; 1.0                     ; 4837 MB             ; 00:00:50                           ;
; Fitter                    ; 00:00:58     ; 1.0                     ; 6614 MB             ; 00:01:46                           ;
; Assembler                 ; 00:00:12     ; 1.0                     ; 4852 MB             ; 00:00:12                           ;
; TimeQuest Timing Analyzer ; 00:00:10     ; 1.1                     ; 5144 MB             ; 00:00:09                           ;
; EDA Netlist Writer        ; 00:00:01     ; 1.0                     ; 4728 MB             ; 00:00:02                           ;
; Total                     ; 00:01:41     ; --                      ; --                  ; 00:02:59                           ;
+---------------------------+--------------+-------------------------+---------------------+------------------------------------+


+-----------------------------------------------------------------------------------------+
; Flow OS Summary                                                                         ;
+---------------------------+------------------+------------+------------+----------------+
; Module Name               ; Machine Hostname ; OS Name    ; OS Version ; Processor type ;
+---------------------------+------------------+------------+------------+----------------+
; Analysis & Synthesis      ; DESKTOP-0LLODNU  ; Windows 10 ; 10.0       ; x86_64         ;
; Fitter                    ; DESKTOP-0LLODNU  ; Windows 10 ; 10.0       ; x86_64         ;
; Assembler                 ; DESKTOP-0LLODNU  ; Windows 10 ; 10.0       ; x86_64         ;
; TimeQuest Timing Analyzer ; DESKTOP-0LLODNU  ; Windows 10 ; 10.0       ; x86_64         ;
; EDA Netlist Writer        ; DESKTOP-0LLODNU  ; Windows 10 ; 10.0       ; x86_64         ;
+---------------------------+------------------+------------+------------+----------------+


------------
; Flow Log ;
------------
quartus_map --read_settings_files=on --write_settings_files=off lab2_3 -c lab2_3
quartus_fit --read_settings_files=off --write_settings_files=off lab2_3 -c lab2_3
quartus_asm --read_settings_files=off --write_settings_files=off lab2_3 -c lab2_3
quartus_sta lab2_3 -c lab2_3
quartus_eda --gen_testbench --tool=modelsim_oem --format=verilog --write_settings_files=off lab2_3 -c lab2_3 --vector_source="C:/Users/123/YandexDisk/9 Egorov/vesna/lab2_3/Waveform.vwf" --testbench_file="C:/Users/123/YandexDisk/9 Egorov/vesna/lab2_3/simulation/qsim/Waveform.vwf.vt"



